# JRE version: Java(TM) SE Runtime Environment (20.0.1+9) (build 20.0.1+9-29)
# Java VM: Java HotSpot(TM) 64-Bit Server VM (20.0.1+9-29, mixed mode, sharing, tiered, compressed oops, compressed class ptrs, g1 gc, windows-amd64)
GC Precious Log:
 CardTable entry size: 512
 Card Set container configuration: InlinePtr #cards 5 size 8 Array Of Cards #cards 12 size 40 Howl #buckets 4 coarsen threshold 1843 Howl Bitmap #cards 512 size 80 coarsen threshold 460 Card regions per heap region 1 cards per card region 2048
 CPUs: 2 total, 2 available
 Memory: 3554M
 Large Page Support: Disabled
 NUMA Support: Disabled
 Compressed Oops: Enabled (32-bit)
 Heap Region Size: 1M
 Heap Min Capacity: 8M
 Heap Initial Capacity: 56M
 Heap Max Capacity: 890M
 Pre-touch: Disabled
 Parallel Workers: 2
 Concurrent Workers: 1
 Concurrent Refinement Workers: 2
 Periodic GC: Disabled
Heap:
 garbage-first heap   total 51200K, used 29295K [0x00000000c8600000, 0x0000000100000000)
  region size 1024K, 3 young (3072K), 1 survivors (1024K)
 Metaspace       used 67405K, committed 68032K, reserved 1114112K
  class space    used 8756K, committed 9024K, reserved 1048576K
GC Heap History (20 events):
Event: 2109.430 GC heap before
{Heap before GC invocations=18 (full 0):
 garbage-first heap   total 48128K, used 40696K [0x00000000c8600000, 0x0000000100000000)
  region size 1024K, 18 young (18432K), 3 survivors (3072K)
 Metaspace       used 60780K, committed 61376K, reserved 1114112K
  class space    used 8022K, committed 8320K, reserved 1048576K
}
Event: 2110.207 GC heap after
{Heap after GC invocations=19 (full 0):
 garbage-first heap   total 48128K, used 27089K [0x00000000c8600000, 0x0000000100000000)
  region size 1024K, 3 young (3072K), 3 survivors (3072K)
 Metaspace       used 60780K, committed 61376K, reserved 1114112K
  class space    used 8022K, committed 8320K, reserved 1048576K
}
Event: 3579.729 GC heap before
{Heap before GC invocations=19 (full 0):
 garbage-first heap   total 48128K, used 27089K [0x00000000c8600000, 0x0000000100000000)
  region size 1024K, 4 young (4096K), 3 survivors (3072K)
 Metaspace       used 60813K, committed 61504K, reserved 1114112K
  class space    used 8022K, committed 8320K, reserved 1048576K
}
Event: 3579.963 GC heap after
{Heap after GC invocations=20 (full 0):
 garbage-first heap   total 48128K, used 27331K [0x00000000c8600000, 0x0000000100000000)
  region size 1024K, 1 young (1024K), 1 survivors (1024K)
 Metaspace       used 60813K, committed 61504K, reserved 1114112K
  class space    used 8022K, committed 8320K, reserved 1048576K
}
Event: 5125.868 GC heap before
{Heap before GC invocations=20 (full 0):
 garbage-first heap   total 48128K, used 41667K [0x00000000c8600000, 0x0000000100000000)
  region size 1024K, 16 young (16384K), 1 survivors (1024K)
 Metaspace       used 64486K, committed 65152K, reserved 1114112K
  class space    used 8521K, committed 8832K, reserved 1048576K
}
Event: 5125.944 GC heap after
{Heap after GC invocations=21 (full 0):
 garbage-first heap   total 48128K, used 28282K [0x00000000c8600000, 0x0000000100000000)
  region size 1024K, 2 young (2048K), 2 survivors (2048K)
 Metaspace       used 64486K, committed 65152K, reserved 1114112K
  class space    used 8521K, committed 8832K, reserved 1048576K
}
Event: 5127.401 GC heap before
{Heap before GC invocations=22 (full 0):
 garbage-first heap   total 51200K, used 29306K [0x00000000c8600000, 0x0000000100000000)
  region size 1024K, 3 young (3072K), 2 survivors (2048K)
 Metaspace       used 64561K, committed 65344K, reserved 1114112K
  class space    used 8488K, committed 8832K, reserved 1048576K
}
Event: 5127.438 GC heap after
{Heap after GC invocations=23 (full 0):
 garbage-first heap   total 51200K, used 28308K [0x00000000c8600000, 0x0000000100000000)
  region size 1024K, 1 young (1024K), 1 survivors (1024K)
 Metaspace       used 64561K, committed 65344K, reserved 1114112K
  class space    used 8488K, committed 8832K, reserved 1048576K
}
Event: 7190.514 GC heap before
{Heap before GC invocations=23 (full 0):
 garbage-first heap   total 51200K, used 43668K [0x00000000c8600000, 0x0000000100000000)
  region size 1024K, 17 young (17408K), 1 survivors (1024K)
 Metaspace       used 66218K, committed 66752K, reserved 1114112K
  class space    used 8699K, committed 8960K, reserved 1048576K
}
Event: 7191.085 GC heap after
{Heap after GC invocations=24 (full 0):
 garbage-first heap   total 51200K, used 27526K [0x00000000c8600000, 0x0000000100000000)
  region size 1024K, 2 young (2048K), 2 survivors (2048K)
 Metaspace       used 66218K, committed 66752K, reserved 1114112K
  class space    used 8699K, committed 8960K, reserved 1048576K
}
Event: 12529.375 GC heap before
{Heap before GC invocations=24 (full 0):
 garbage-first heap   total 51200K, used 44934K [0x00000000c8600000, 0x0000000100000000)
  region size 1024K, 20 young (20480K), 2 survivors (2048K)
 Metaspace       used 67042K, committed 67648K, reserved 1114112K
  class space    used 8751K, committed 9024K, reserved 1048576K
}
Event: 12529.750 GC heap after
{Heap after GC invocations=25 (full 0):
 garbage-first heap   total 51200K, used 29162K [0x00000000c8600000, 0x0000000100000000)
  region size 1024K, 2 young (2048K), 2 survivors (2048K)
 Metaspace       used 67042K, committed 67648K, reserved 1114112K
  class space    used 8751K, committed 9024K, reserved 1048576K
}
Event: 29658.427 GC heap before
{Heap before GC invocations=26 (full 0):
 garbage-first heap   total 51200K, used 32234K [0x00000000c8600000, 0x0000000100000000)
  region size 1024K, 5 young (5120K), 2 survivors (2048K)
 Metaspace       used 67100K, committed 67648K, reserved 1114112K
  class space    used 8752K, committed 9024K, reserved 1048576K
}
Event: 29658.548 GC heap after
{Heap after GC invocations=27 (full 0):
 garbage-first heap   total 51200K, used 28878K [0x00000000c8600000, 0x0000000100000000)
  region size 1024K, 1 young (1024K), 1 survivors (1024K)
 Metaspace       used 67100K, committed 67648K, reserved 1114112K
  class space    used 8752K, committed 9024K, reserved 1048576K
}
Event: 35471.469 GC heap before
{Heap before GC invocations=27 (full 0):
 garbage-first heap   total 51200K, used 45262K [0x00000000c8600000, 0x0000000100000000)
  region size 1024K, 17 young (17408K), 1 survivors (1024K)
 Metaspace       used 67343K, committed 67904K, reserved 1114112K
  class space    used 8753K, committed 9024K, reserved 1048576K
}
Event: 35471.864 GC heap after
{Heap after GC invocations=28 (full 0):
 garbage-first heap   total 51200K, used 29780K [0x00000000c8600000, 0x0000000100000000)
  region size 1024K, 2 young (2048K), 2 survivors (2048K)
 Metaspace       used 67343K, committed 67904K, reserved 1114112K
  class space    used 8753K, committed 9024K, reserved 1048576K
}
Event: 40351.935 GC heap before
{Heap before GC invocations=28 (full 0):
 garbage-first heap   total 51200K, used 30804K [0x00000000c8600000, 0x0000000100000000)
  region size 1024K, 3 young (3072K), 2 survivors (2048K)
 Metaspace       used 67349K, committed 67904K, reserved 1114112K
  class space    used 8753K, committed 9024K, reserved 1048576K
}
Event: 40352.381 GC heap after
{Heap after GC invocations=29 (full 0):
 garbage-first heap   total 51200K, used 28584K [0x00000000c8600000, 0x0000000100000000)
  region size 1024K, 1 young (1024K), 1 survivors (1024K)
 Metaspace       used 67349K, committed 67904K, reserved 1114112K
  class space    used 8753K, committed 9024K, reserved 1048576K
}
Event: 40354.553 GC heap before
{Heap before GC invocations=29 (full 0):
 garbage-first heap   total 51200K, used 29608K [0x00000000c8600000, 0x0000000100000000)
  region size 1024K, 2 young (2048K), 1 survivors (1024K)
 Metaspace       used 67359K, committed 67904K, reserved 1114112K
  class space    used 8753K, committed 9024K, reserved 1048576K
}
Event: 40354.723 GC heap after
{Heap after GC invocations=30 (full 0):
 garbage-first heap   total 51200K, used 28271K [0x00000000c8600000, 0x0000000100000000)
  region size 1024K, 1 young (1024K), 1 survivors (1024K)
 Metaspace       used 67359K, committed 67904K, reserved 1114112K
  class space    used 8753K, committed 9024K, reserved 1048576K
}

